0 info it worked if it ends with ok
1 verbose cli [ '/usr/bin/nodejs',
1 verbose cli   '/usr/bin/npm',
1 verbose cli   'install',
1 verbose cli   'lodash-node/underscore' ]
2 info using npm@1.3.10
3 info using node@v0.10.25
4 warn package.json http@0.0.0 No repository field.
5 verbose readDependencies using package.json deps
6 verbose cache add [ 'lodash-node/underscore', null ]
7 verbose cache add name=undefined spec="lodash-node/underscore" args=["lodash-node/underscore",null]
8 verbose parsed url { protocol: null,
8 verbose parsed url   slashes: null,
8 verbose parsed url   auth: null,
8 verbose parsed url   host: null,
8 verbose parsed url   port: null,
8 verbose parsed url   hostname: null,
8 verbose parsed url   hash: null,
8 verbose parsed url   search: null,
8 verbose parsed url   query: null,
8 verbose parsed url   pathname: 'lodash-node/underscore',
8 verbose parsed url   path: 'lodash-node/underscore',
8 verbose parsed url   href: 'lodash-node/underscore' }
9 silly lockFile 48fb5add-lodash-node-underscore lodash-node/underscore
10 verbose lock lodash-node/underscore /home/nicolai/.npm/48fb5add-lodash-node-underscore.lock
11 info maybeGithub Attempting lodash-node/underscore from git://github.com/lodash-node/underscore
12 silly lockFile efc871d8-ithub-com-lodash-node-underscore git://github.com/lodash-node/underscore
13 verbose lock git://github.com/lodash-node/underscore /home/nicolai/.npm/efc871d8-ithub-com-lodash-node-underscore.lock
14 verbose addRemoteGit [ 'git://github.com/lodash-node/underscore', 'master' ]
15 verbose git clone git://github.com/lodash-node/underscore Cloning into bare repository '/home/nicolai/.npm/_git-remotes/git-github-com-lodash-node-underscore-efc871d8'...
15 verbose git clone git://github.com/lodash-node/underscore fatal: remote error:
15 verbose git clone git://github.com/lodash-node/underscore   Repository not found.
16 silly lockFile efc871d8-ithub-com-lodash-node-underscore git://github.com/lodash-node/underscore
17 silly lockFile efc871d8-ithub-com-lodash-node-underscore git://github.com/lodash-node/underscore
18 info maybeGithub Attempting lodash-node/underscore from git+ssh://git@github.com:lodash-node/underscore
19 silly lockFile 1e2f69e0-ithub-com-lodash-node-underscore git+ssh://git@github.com:lodash-node/underscore
20 verbose lock git+ssh://git@github.com:lodash-node/underscore /home/nicolai/.npm/1e2f69e0-ithub-com-lodash-node-underscore.lock
21 verbose addRemoteGit [ 'git@github.com:lodash-node/underscore', 'master' ]
22 error git clone git@github.com:lodash-node/underscore Cloning into bare repository '/home/nicolai/.npm/_git-remotes/git-github-com-lodash-node-underscore-460f0c8e'...
22 error git clone git@github.com:lodash-node/underscore Permission denied (publickey).
22 error git clone git@github.com:lodash-node/underscore fatal: Could not read from remote repository.
22 error git clone git@github.com:lodash-node/underscore
22 error git clone git@github.com:lodash-node/underscore Please make sure you have the correct access rights
22 error git clone git@github.com:lodash-node/underscore and the repository exists.
23 silly lockFile 460f0c8e-ithub-com-lodash-node-underscore git@github.com:lodash-node/underscore
24 silly lockFile 48fb5add-lodash-node-underscore lodash-node/underscore
25 silly lockFile 48fb5add-lodash-node-underscore lodash-node/underscore
26 error addLocal Could not install lodash-node/underscore
27 error Error: ENOENT, stat 'lodash-node/underscore'
28 error If you need help, you may report this log at:
28 error     <http://github.com/isaacs/npm/issues>
28 error or email it to:
28 error     <npm-@googlegroups.com>
29 error System Linux 3.16.0-33-generic
30 error command "/usr/bin/nodejs" "/usr/bin/npm" "install" "lodash-node/underscore"
31 error cwd /home/nicolai/Documents/Projects/Hack/MASTERSWEG/MASTERSWEG
32 error node -v v0.10.25
33 error npm -v 1.3.10
34 error path lodash-node/underscore
35 error code ENOENT
36 error errno 34
37 verbose exit [ 34, true ]
